<?xml version="1.0" encoding="UTF-8"?>
<!-- Generated by org.testng.reporters.JUnitReportReporter -->
<testsuite skipped="0" hostname="RS" name="com.inetbanking.testCases.TC_LoginTest_001" tests="1" failures="0" timestamp="2022-08-05T16:02:51 IST" time="22.635" errors="0">
  <testcase name="LoginTest" time="22.635" classname="com.inetbanking.testCases.TC_LoginTest_001"/>
  <system-out/>
</testsuite> <!-- com.inetbanking.testCases.TC_LoginTest_001 -->
